           clicks_or         clicks
count  519693.000000  519693.000000
mean        2.188452       2.718413
std         1.758030       1.350068
min         1.000000       1.000000
25%         1.000000       2.000000
50%         1.000000       2.000000
75%         3.000000       4.000000
max         9.000000       5.000000
       u_attentions  u_total_clicks
count  37337.000000    37337.000000
mean      13.918981       30.461017
std        3.872257       12.826484
min        9.000000        9.000000
25%       11.000000       21.000000
50%       13.000000       28.000000
75%       17.000000       38.000000
max       22.000000       90.000000
        strategy_n  s_attentions  s_total_clicks
count  1577.000000   1577.000000     1577.000000
mean     10.147749    329.545339      721.194039
std       7.801657    855.827356     1998.451724
min       0.000000     21.000000       28.000000
25%       5.000000     41.000000       83.000000
50%       9.000000     88.000000      184.000000
75%      14.000000    274.000000      583.000000
max      39.000000  13600.000000    36153.000000
           clicks_or         clicks
count  519693.000000  519693.000000
mean        2.188452       2.718413
std         1.758030       1.350068
min         1.000000       1.000000
25%         1.000000       2.000000
50%         1.000000       2.000000
75%         3.000000       4.000000
max         9.000000       5.000000
       u_attentions  u_total_clicks
count  37337.000000    37337.000000
mean      13.918981       30.461017
std        3.872257       12.826484
min        9.000000        9.000000
25%       11.000000       21.000000
50%       13.000000       28.000000
75%       17.000000       38.000000
max       22.000000       90.000000
        strategy_n  s_attentions  s_total_clicks
count  1577.000000   1577.000000     1577.000000
mean     10.147749    329.545339      721.194039
std       7.801657    855.827356     1998.451724
min       0.000000     21.000000       28.000000
25%       5.000000     41.000000       83.000000
50%       9.000000     88.000000      184.000000
75%      14.000000    274.000000      583.000000
max      39.000000  13600.000000    36153.000000
           clicks_or         clicks
count  519693.000000  519693.000000
mean        2.188452       2.718413
std         1.758030       1.350068
min         1.000000       1.000000
25%         1.000000       2.000000
50%         1.000000       2.000000
75%         3.000000       4.000000
max         9.000000       5.000000
       u_attentions  u_total_clicks
count  37337.000000    37337.000000
mean      13.918981       30.461017
std        3.872257       12.826484
min        9.000000        9.000000
25%       11.000000       21.000000
50%       13.000000       28.000000
75%       17.000000       38.000000
max       22.000000       90.000000
        strategy_n  s_attentions  s_total_clicks
count  1577.000000   1577.000000     1577.000000
mean     10.147749    329.545339      721.194039
std       7.801657    855.827356     1998.451724
min       0.000000     21.000000       28.000000
25%       5.000000     41.000000       83.000000
50%       9.000000     88.000000      184.000000
75%      14.000000    274.000000      583.000000
max      39.000000  13600.000000    36153.000000
           clicks_or        clicks
count  519693.000000  5.178720e+05
mean        2.188452  1.317161e-17
std         1.758030  9.634445e-01
min         1.000000 -2.334571e+00
25%         1.000000 -6.639591e-01
50%         1.000000 -4.196272e-01
75%         3.000000  4.196272e-01
max         9.000000  4.477215e+00
       u_attentions  u_total_clicks
count  37337.000000    37337.000000
mean      13.918981       30.461017
std        3.872257       12.826484
min        9.000000        9.000000
25%       11.000000       21.000000
50%       13.000000       28.000000
75%       17.000000       38.000000
max       22.000000       90.000000
        strategy_n  s_attentions  s_total_clicks
count  1577.000000   1577.000000     1577.000000
mean     10.147749    329.545339      721.194039
std       7.801657    855.827356     1998.451724
min       0.000000     21.000000       28.000000
25%       5.000000     41.000000       83.000000
50%       9.000000     88.000000      184.000000
75%      14.000000    274.000000      583.000000
max      39.000000  13600.000000    36153.000000
           clicks_or         clicks
count  519693.000000  517872.000000
mean        2.188452       0.757400
std         1.758030       0.595457
min         1.000000       0.000000
25%         1.000000       0.419627
50%         1.000000       0.630604
75%         3.000000       0.866025
max         9.000000       4.477215
       u_attentions  u_total_clicks
count  37337.000000    37337.000000
mean      13.918981       30.461017
std        3.872257       12.826484
min        9.000000        9.000000
25%       11.000000       21.000000
50%       13.000000       28.000000
75%       17.000000       38.000000
max       22.000000       90.000000
        strategy_n  s_attentions  s_total_clicks
count  1577.000000   1577.000000     1577.000000
mean     10.147749    329.545339      721.194039
std       7.801657    855.827356     1998.451724
min       0.000000     21.000000       28.000000
25%       5.000000     41.000000       83.000000
50%       9.000000     88.000000      184.000000
75%      14.000000    274.000000      583.000000
max      39.000000  13600.000000    36153.000000
           clicks_or         clicks
count  519693.000000  519693.000000
mean        2.188452       2.718413
std         1.758030       1.350068
min         1.000000       1.000000
25%         1.000000       2.000000
50%         1.000000       2.000000
75%         3.000000       4.000000
max         9.000000       5.000000
       u_attentions  u_total_clicks
count  37337.000000    37337.000000
mean      13.918981       30.461017
std        3.872257       12.826484
min        9.000000        9.000000
25%       11.000000       21.000000
50%       13.000000       28.000000
75%       17.000000       38.000000
max       22.000000       90.000000
        strategy_n  s_attentions  s_total_clicks
count  1577.000000   1577.000000     1577.000000
mean     10.147749    329.545339      721.194039
std       7.801657    855.827356     1998.451724
min       0.000000     21.000000       28.000000
25%       5.000000     41.000000       83.000000
50%       9.000000     88.000000      184.000000
75%      14.000000    274.000000      583.000000
max      39.000000  13600.000000    36153.000000
           clicks_or        clicks
count  519693.000000  5.178720e+05
mean        2.188452 -1.532149e-09
std         1.758030  9.634445e-01
min         1.000000 -2.334571e+00
25%         1.000000 -6.639591e-01
50%         1.000000 -4.196272e-01
75%         3.000000  4.196272e-01
max         9.000000  4.477215e+00
       u_attentions  u_total_clicks
count  37337.000000    37337.000000
mean      13.918981       30.461017
std        3.872257       12.826484
min        9.000000        9.000000
25%       11.000000       21.000000
50%       13.000000       28.000000
75%       17.000000       38.000000
max       22.000000       90.000000
        strategy_n  s_attentions  s_total_clicks
count  1577.000000   1577.000000     1577.000000
mean     10.147749    329.545339      721.194039
std       7.801657    855.827356     1998.451724
min       0.000000     21.000000       28.000000
25%       5.000000     41.000000       83.000000
50%       9.000000     88.000000      184.000000
75%      14.000000    274.000000      583.000000
max      39.000000  13600.000000    36153.000000
           clicks_or        clicks
count  519693.000000  5.178720e+05
mean        2.188452  1.317161e-17
std         1.758030  9.634445e-01
min         1.000000 -2.334571e+00
25%         1.000000 -6.639591e-01
50%         1.000000 -4.196272e-01
75%         3.000000  4.196272e-01
max         9.000000  4.477215e+00
       u_attentions  u_total_clicks
count  37337.000000    37337.000000
mean      13.918981       30.461017
std        3.872257       12.826484
min        9.000000        9.000000
25%       11.000000       21.000000
50%       13.000000       28.000000
75%       17.000000       38.000000
max       22.000000       90.000000
        strategy_n  s_attentions  s_total_clicks
count  1577.000000   1577.000000     1577.000000
mean     10.147749    329.545339      721.194039
std       7.801657    855.827356     1998.451724
min       0.000000     21.000000       28.000000
25%       5.000000     41.000000       83.000000
50%       9.000000     88.000000      184.000000
75%      14.000000    274.000000      583.000000
max      39.000000  13600.000000    36153.000000
