          clicks_or        clicks
count  1.381103e+06  1.381103e+06
mean   3.436621e+00  2.720363e+00
std    6.412425e+00  1.410332e+00
min    1.000000e+00  1.000000e+00
25%    1.000000e+00  2.000000e+00
50%    2.000000e+00  2.000000e+00
75%    3.000000e+00  4.000000e+00
max    2.740000e+02  5.000000e+00
        u_attentions  u_total_clicks
count  110436.000000   110436.000000
mean       12.505913       42.978087
std        10.075323       49.929625
min         2.000000        2.000000
25%         5.000000       10.000000
50%         9.000000       24.000000
75%        18.000000       56.000000
max        44.000000      284.000000
         strategy_n  s_attentions  s_total_clicks
count  12612.000000  12612.000000    12612.000000
mean       1.602839    109.507057      376.334285
std        4.517577    826.094129     3500.757960
min        0.000000      1.000000        1.000000
25%        0.000000      1.000000        2.000000
50%        0.000000      2.000000        4.000000
75%        0.000000      6.000000       20.000000
max       39.000000  36975.000000   215122.000000
