           clicks_or         clicks
count  527478.000000  527478.000000
mean        2.185407       2.718652
std         1.756809       1.349635
min         1.000000       1.000000
25%         1.000000       2.000000
50%         1.000000       2.000000
75%         3.000000       4.000000
max         9.000000       5.000000
       u_attentions  u_total_clicks
count  37746.000000    37746.000000
mean      13.974408       30.539766
std        3.908658       12.871519
min        9.000000        9.000000
25%       11.000000       21.000000
50%       13.000000       28.000000
75%       17.000000       38.000000
max       22.000000       90.000000
        strategy_n  s_attentions  s_total_clicks
count  2268.000000   2268.000000     2268.000000
mean      8.191799    232.574074      508.268959
std       7.486131    727.978573     1693.866262
min       0.000000      7.000000        7.000000
25%       0.000000     17.000000       35.000000
50%       7.000000     45.000000       94.000000
75%      11.000000    163.000000      333.750000
max      39.000000  13619.000000    36103.000000
