           clicks_or         clicks
count  206328.000000  206328.000000
mean        2.214193       2.640587
std         1.766881       1.295386
min         1.000000       1.000000
25%         1.000000       2.000000
50%         2.000000       2.000000
75%         3.000000       3.000000
max         9.000000       5.000000
       u_attentions  u_total_clicks
count  11204.000000    11204.000000
mean      18.415566       40.775616
std        1.883018       12.413665
min       16.000000       16.000000
25%       17.000000       32.000000
50%       18.000000       39.000000
75%       20.000000       48.000000
max       22.000000       90.000000
        strategy_n  s_attentions  s_total_clicks
count  1026.000000   1026.000000     1026.000000
mean     12.517544    201.099415      445.272904
std       8.112753    401.942590      956.416397
min       0.000000     21.000000       28.000000
25%       7.000000     35.000000       74.000000
50%      11.000000     76.500000      161.500000
75%      18.000000    189.750000      419.500000
max      39.000000   4983.000000    13526.000000
           clicks_or         clicks
count  519693.000000  519693.000000
mean        2.188452       2.718413
std         1.758030       1.350068
min         1.000000       1.000000
25%         1.000000       2.000000
50%         1.000000       2.000000
75%         3.000000       4.000000
max         9.000000       5.000000
       u_attentions  u_total_clicks
count  37337.000000    37337.000000
mean      13.918981       30.461017
std        3.872257       12.826484
min        9.000000        9.000000
25%       11.000000       21.000000
50%       13.000000       28.000000
75%       17.000000       38.000000
max       22.000000       90.000000
        strategy_n  s_attentions  s_total_clicks
count  1577.000000   1577.000000     1577.000000
mean     10.147749    329.545339      721.194039
std       7.801657    855.827356     1998.451724
min       0.000000     21.000000       28.000000
25%       5.000000     41.000000       83.000000
50%       9.000000     88.000000      184.000000
75%      14.000000    274.000000      583.000000
max      39.000000  13600.000000    36153.000000
           clicks_or         clicks
count  519693.000000  519693.000000
mean        2.188452       2.718413
std         1.758030       1.350068
min         1.000000       1.000000
25%         1.000000       2.000000
50%         1.000000       2.000000
75%         3.000000       4.000000
max         9.000000       5.000000
       u_attentions  u_total_clicks
count  37337.000000    37337.000000
mean      13.918981       30.461017
std        3.872257       12.826484
min        9.000000        9.000000
25%       11.000000       21.000000
50%       13.000000       28.000000
75%       17.000000       38.000000
max       22.000000       90.000000
        strategy_n  s_attentions  s_total_clicks
count  1577.000000   1577.000000     1577.000000
mean     10.147749    329.545339      721.194039
std       7.801657    855.827356     1998.451724
min       0.000000     21.000000       28.000000
25%       5.000000     41.000000       83.000000
50%       9.000000     88.000000      184.000000
75%      14.000000    274.000000      583.000000
max      39.000000  13600.000000    36153.000000
           clicks_or         clicks
count  519693.000000  519693.000000
mean        2.188452       2.718413
std         1.758030       1.350068
min         1.000000       1.000000
25%         1.000000       2.000000
50%         1.000000       2.000000
75%         3.000000       4.000000
max         9.000000       5.000000
       u_attentions  u_total_clicks
count  37337.000000    37337.000000
mean      13.918981       30.461017
std        3.872257       12.826484
min        9.000000        9.000000
25%       11.000000       21.000000
50%       13.000000       28.000000
75%       17.000000       38.000000
max       22.000000       90.000000
        strategy_n  s_attentions  s_total_clicks
count  1577.000000   1577.000000     1577.000000
mean     10.147749    329.545339      721.194039
std       7.801657    855.827356     1998.451724
min       0.000000     21.000000       28.000000
25%       5.000000     41.000000       83.000000
50%       9.000000     88.000000      184.000000
75%      14.000000    274.000000      583.000000
max      39.000000  13600.000000    36153.000000
           clicks_or         clicks
count  519693.000000  519693.000000
mean        2.188452       2.718413
std         1.758030       1.350068
min         1.000000       1.000000
25%         1.000000       2.000000
50%         1.000000       2.000000
75%         3.000000       4.000000
max         9.000000       5.000000
       u_attentions  u_total_clicks
count  37337.000000    37337.000000
mean      13.918981       30.461017
std        3.872257       12.826484
min        9.000000        9.000000
25%       11.000000       21.000000
50%       13.000000       28.000000
75%       17.000000       38.000000
max       22.000000       90.000000
        strategy_n  s_attentions  s_total_clicks
count  1577.000000   1577.000000     1577.000000
mean     10.147749    329.545339      721.194039
std       7.801657    855.827356     1998.451724
min       0.000000     21.000000       28.000000
25%       5.000000     41.000000       83.000000
50%       9.000000     88.000000      184.000000
75%      14.000000    274.000000      583.000000
max      39.000000  13600.000000    36153.000000
           clicks_or         clicks
count  519693.000000  519693.000000
mean        2.188452       2.718413
std         1.758030       1.350068
min         1.000000       1.000000
25%         1.000000       2.000000
50%         1.000000       2.000000
75%         3.000000       4.000000
max         9.000000       5.000000
       u_attentions  u_total_clicks
count  37337.000000    37337.000000
mean      13.918981       30.461017
std        3.872257       12.826484
min        9.000000        9.000000
25%       11.000000       21.000000
50%       13.000000       28.000000
75%       17.000000       38.000000
max       22.000000       90.000000
        strategy_n  s_attentions  s_total_clicks
count  1577.000000   1577.000000     1577.000000
mean     10.147749    329.545339      721.194039
std       7.801657    855.827356     1998.451724
min       0.000000     21.000000       28.000000
25%       5.000000     41.000000       83.000000
50%       9.000000     88.000000      184.000000
75%      14.000000    274.000000      583.000000
max      39.000000  13600.000000    36153.000000
